HmzPassword/build/outputs/logs/manifest-merger-debug-report.txt
-- Merging decision tree log ---
manifest
ADDED from HmzPassword/HmzPassword/AndroidManifest.xml:2:1-105:12
	xmlns:android
		ADDED from HmzPassword/HmzPassword/AndroidManifest.xml:2:11-69
	package
		ADDED from HmzPassword/HmzPassword/AndroidManifest.xml:3:5-32
	android:versionName
		ADDED from HmzPassword/HmzPassword/AndroidManifest.xml:5:5-32
	android:versionCode
		ADDED from HmzPassword/HmzPassword/AndroidManifest.xml:4:5-29
		INJECTED from HmzPassword/HmzPassword/AndroidManifest.xml
		INJECTED from HmzPassword/HmzPassword/AndroidManifest.xml
uses-sdk
ADDED from HmzPassword/HmzPassword/AndroidManifest.xml:7:5-9:41
	android:targetSdkVersion
		ADDED from HmzPassword/HmzPassword/AndroidManifest.xml:9:9-38
	android:minSdkVersion
		ADDED from HmzPassword/HmzPassword/AndroidManifest.xml:8:9-35
uses-permission#android.permission.ACCESS_NETWORK_STATE
ADDED from HmzPassword/HmzPassword/AndroidManifest.xml:11:5-79
	android:name
		ADDED from HmzPassword/HmzPassword/AndroidManifest.xml:11:22-76
uses-permission#android.permission.INTERNET
ADDED from HmzPassword/HmzPassword/AndroidManifest.xml:12:5-67
	android:name
		ADDED from HmzPassword/HmzPassword/AndroidManifest.xml:12:22-64
uses-permission#android.permission.READ_PHONE_STATE
ADDED from HmzPassword/HmzPassword/AndroidManifest.xml:13:5-75
	android:name
		ADDED from HmzPassword/HmzPassword/AndroidManifest.xml:13:22-72
uses-permission#android.permission.ACCESS_WIFI_STATE
ADDED from HmzPassword/HmzPassword/AndroidManifest.xml:14:5-76
	android:name
		ADDED from HmzPassword/HmzPassword/AndroidManifest.xml:14:22-73
uses-permission#android.permission.READ_EXTERNAL_STORAGE
ADDED from HmzPassword/HmzPassword/AndroidManifest.xml:15:5-80
	android:name
		ADDED from HmzPassword/HmzPassword/AndroidManifest.xml:15:22-77
uses-permission#android.permission.WRITE_EXTERNAL_STORAGE
ADDED from HmzPassword/HmzPassword/AndroidManifest.xml:16:5-81
	android:name
		ADDED from HmzPassword/HmzPassword/AndroidManifest.xml:16:22-78
uses-permission#android.permission.MOUNT_UNMOUNT_FILESYSTEMS
ADDED from HmzPassword/HmzPassword/AndroidManifest.xml:17:5-84
	android:name
		ADDED from HmzPassword/HmzPassword/AndroidManifest.xml:17:22-81
application
ADDED from HmzPassword/HmzPassword/AndroidManifest.xml:19:5-103:19
	android:label
		ADDED from HmzPassword/HmzPassword/AndroidManifest.xml:24:9-41
	android:allowBackup
		ADDED from HmzPassword/HmzPassword/AndroidManifest.xml:21:9-36
	android:icon
		ADDED from HmzPassword/HmzPassword/AndroidManifest.xml:23:9-45
	android:theme
		ADDED from HmzPassword/HmzPassword/AndroidManifest.xml:25:9-40
	android:hardwareAccelerated
		ADDED from HmzPassword/HmzPassword/AndroidManifest.xml:22:9-43
	android:name
		ADDED from HmzPassword/HmzPassword/AndroidManifest.xml:20:9-59
meta-data#UMENG_APPKEY
ADDED from HmzPassword/HmzPassword/AndroidManifest.xml:31:9-33:56
	android:name
		ADDED from HmzPassword/HmzPassword/AndroidManifest.xml:32:13-40
	android:value
		ADDED from HmzPassword/HmzPassword/AndroidManifest.xml:33:13-53
meta-data#UMENG_CHANNEL
ADDED from HmzPassword/HmzPassword/AndroidManifest.xml:34:9-36:33
	android:name
		ADDED from HmzPassword/HmzPassword/AndroidManifest.xml:35:13-41
	android:value
		ADDED from HmzPassword/HmzPassword/AndroidManifest.xml:36:13-30
service#com.umeng.update.net.DownloadingService
ADDED from HmzPassword/HmzPassword/AndroidManifest.xml:38:9-41:19
	android:process
		ADDED from HmzPassword/HmzPassword/AndroidManifest.xml:40:13-50
	android:name
		ADDED from HmzPassword/HmzPassword/AndroidManifest.xml:39:13-67
activity#com.umeng.update.UpdateDialogActivity
ADDED from HmzPassword/HmzPassword/AndroidManifest.xml:43:9-46:20
	android:theme
		ADDED from HmzPassword/HmzPassword/AndroidManifest.xml:45:13-72
	android:name
		ADDED from HmzPassword/HmzPassword/AndroidManifest.xml:44:13-65
activity#cn.hmz.mypassword.activity.MainActivity
ADDED from HmzPassword/HmzPassword/AndroidManifest.xml:49:9-55:20
	android:windowSoftInputMode
		ADDED from HmzPassword/HmzPassword/AndroidManifest.xml:54:13-52
	android:screenOrientation
		ADDED from HmzPassword/HmzPassword/AndroidManifest.xml:53:13-49
	android:label
		ADDED from HmzPassword/HmzPassword/AndroidManifest.xml:51:13-45
	android:name
		ADDED from HmzPassword/HmzPassword/AndroidManifest.xml:50:13-67
	android:launchMode
		ADDED from HmzPassword/HmzPassword/AndroidManifest.xml:52:13-44
activity#cn.hmz.mypassword.activity.EntryActivity
ADDED from HmzPassword/HmzPassword/AndroidManifest.xml:57:9-67:20
	android:screenOrientation
		ADDED from HmzPassword/HmzPassword/AndroidManifest.xml:60:13-49
	android:label
		ADDED from HmzPassword/HmzPassword/AndroidManifest.xml:59:13-45
	android:theme
		ADDED from HmzPassword/HmzPassword/AndroidManifest.xml:61:13-72
	android:name
		ADDED from HmzPassword/HmzPassword/AndroidManifest.xml:58:13-68
intent-filter#android.intent.action.MAIN+android.intent.category.LAUNCHER
ADDED from HmzPassword/HmzPassword/AndroidManifest.xml:62:13-66:29
action#android.intent.action.MAIN
ADDED from HmzPassword/HmzPassword/AndroidManifest.xml:63:17-69
	android:name
		ADDED from HmzPassword/HmzPassword/AndroidManifest.xml:63:25-66
category#android.intent.category.LAUNCHER
ADDED from HmzPassword/HmzPassword/AndroidManifest.xml:65:17-77
	android:name
		ADDED from HmzPassword/HmzPassword/AndroidManifest.xml:65:27-74
service#cn.hmz.mypassword.service.MainService
ADDED from HmzPassword/HmzPassword/AndroidManifest.xml:69:9-73:19
	android:label
		ADDED from HmzPassword/HmzPassword/AndroidManifest.xml:72:13-45
	android:exported
		ADDED from HmzPassword/HmzPassword/AndroidManifest.xml:71:13-37
	android:name
		ADDED from HmzPassword/HmzPassword/AndroidManifest.xml:70:13-65
activity#cn.hmz.mypassword.activity.EditPasswordActivity
ADDED from HmzPassword/HmzPassword/AndroidManifest.xml:76:9-81:20
	android:windowSoftInputMode
		ADDED from HmzPassword/HmzPassword/AndroidManifest.xml:80:13-68
	android:screenOrientation
		ADDED from HmzPassword/HmzPassword/AndroidManifest.xml:79:13-49
	android:label
		ADDED from HmzPassword/HmzPassword/AndroidManifest.xml:78:13-64
	android:name
		ADDED from HmzPassword/HmzPassword/AndroidManifest.xml:77:13-75
activity#cn.hmz.mypassword.activity.SetLockpatternActivity
ADDED from HmzPassword/HmzPassword/AndroidManifest.xml:84:9-88:20
	android:screenOrientation
		ADDED from HmzPassword/HmzPassword/AndroidManifest.xml:87:13-49
	android:label
		ADDED from HmzPassword/HmzPassword/AndroidManifest.xml:86:13-58
	android:name
		ADDED from HmzPassword/HmzPassword/AndroidManifest.xml:85:13-77
activity#cn.hmz.mypassword.activity.AboutActivity
ADDED from HmzPassword/HmzPassword/AndroidManifest.xml:91:9-95:20
	android:screenOrientation
		ADDED from HmzPassword/HmzPassword/AndroidManifest.xml:94:13-49
	android:label
		ADDED from HmzPassword/HmzPassword/AndroidManifest.xml:93:13-52
	android:name
		ADDED from HmzPassword/HmzPassword/AndroidManifest.xml:92:13-68
activity#cn.hmz.mypassword.activity.FeedbackActivity
ADDED from HmzPassword/HmzPassword/AndroidManifest.xml:98:9-102:20
	android:screenOrientation
		ADDED from HmzPassword/HmzPassword/AndroidManifest.xml:101:13-49
	android:label
		ADDED from HmzPassword/HmzPassword/AndroidManifest.xml:100:13-60
	android:name
		ADDED from HmzPassword/HmzPassword/AndroidManifest.xml:99:13-71